<?xml version="1.0" encoding="UTF-8"?>
<!-- Generated by org.testng.reporters.JUnitReportReporter -->
<testsuite hostname="DESKTOP-HFP7JPI" failures="0" tests="1" name="POM.RegTC" time="6.441" errors="0" timestamp="2023-08-25T17:27:20 IST" skipped="0">
  <testcase classname="POM.RegTC" name="Reg" time="6.441"/>
</testsuite> <!-- POM.RegTC -->
